<?xml version="1.0" encoding="UTF-8"?>
<!-- Generated by org.testng.reporters.JUnitReportReporter -->
<testsuite hostname="DESKTOP-80S1BNG" failures="0" tests="1" name="apiTests.EmployeeApiTest" time="2.876" errors="0" timestamp="2024-06-12T14:10:45 CEST" skipped="0">
  <testcase classname="apiTests.EmployeeApiTest" name="TestCreateAndActivateNewEmployee" time="2.876"/>
  <system-out/>
</testsuite> <!-- apiTests.EmployeeApiTest -->
