<?xml version="1.0" encoding="UTF-8"?>
<!-- Generated by org.testng.reporters.JUnitReportReporter -->
<testsuite hostname="DESKTOP-80S1BNG" failures="0" tests="1" name="ui.tests.RecruitmentTest" time="18.183" errors="0" timestamp="2024-05-16T11:44:02 CEST" skipped="0">
  <testcase classname="ui.tests.RecruitmentTest" name="verifyAddingNewCandidate" time="18.183"/>
  <system-out/>
</testsuite> <!-- ui.tests.RecruitmentTest -->
