<?xml version="1.0" encoding="UTF-8"?>
<!-- Generated by org.testng.reporters.JUnitReportReporter -->
<testsuite hostname="DESKTOP-80S1BNG" failures="0" tests="1" name="apiTests.RecruitmentApiTest" time="2.344" errors="0" timestamp="2024-06-13T16:19:21 CEST" skipped="0">
  <testcase classname="apiTests.RecruitmentApiTest" name="mondoGet" time="2.344"/>
  <system-out/>
</testsuite> <!-- apiTests.RecruitmentApiTest -->
