<?xml version="1.0" encoding="UTF-8"?>
<!-- Generated by org.testng.reporters.JUnitReportReporter -->
<testsuite hostname="DESKTOP-80S1BNG" failures="0" tests="1" name="tests.LoginTest" time="8.297" errors="0" timestamp="2024-04-19T10:50:31 CEST" skipped="0">
  <testcase classname="tests.LoginTest" name="loginInUser" time="8.297"/>
  <system-out/>
</testsuite> <!-- tests.LoginTest -->
