<?xml version="1.0" encoding="UTF-8"?>
<!-- Generated by org.testng.reporters.JUnitReportReporter -->
<testsuite hostname="DESKTOP-80S1BNG" failures="0" tests="1" name="tests.LoginTest" time="8.182" errors="0" timestamp="2024-04-29T13:37:55 CEST" skipped="0">
  <testcase classname="tests.LoginTest" name="loginInUser" time="8.182"/>
  <system-out/>
</testsuite> <!-- tests.LoginTest -->
