<?xml version="1.0" encoding="UTF-8"?>
<!-- Generated by org.testng.reporters.JUnitReportReporter -->
<testsuite hostname="DESKTOP-80S1BNG" failures="0" tests="1" name="api.tests.RecruitmentApiTest" time="3.369" errors="0" timestamp="2024-06-05T16:20:22 CEST" skipped="0">
  <testcase classname="api.tests.RecruitmentApiTest" name="E2E" time="3.369"/>
  <system-out/>
</testsuite> <!-- api.tests.RecruitmentApiTest -->
