<?xml version="1.0" encoding="UTF-8"?>
<!-- Generated by org.testng.reporters.JUnitReportReporter -->
<testsuite hostname="DESKTOP-80S1BNG" failures="0" tests="3" name="tests.DashboardTest" time="23.247" errors="0" timestamp="2024-04-10T13:36:49 CEST" skipped="0">
  <testcase classname="tests.DashboardTest" name="logoutUser" time="7.584"/>
  <system-out/>
  <testcase classname="tests.DashboardTest" name="verifyUserCanCloseAboutPopup" time="7.182"/>
  <system-out/>
  <testcase classname="tests.DashboardTest" name="verifyAboutSection" time="8.481"/>
  <system-out/>
</testsuite> <!-- tests.DashboardTest -->
