<?xml version="1.0" encoding="UTF-8"?>
<!-- Generated by org.testng.reporters.JUnitReportReporter -->
<testsuite hostname="DESKTOP-80S1BNG" failures="0" tests="3" name="api.tests.RecruitmentApiTest" time="2.720" errors="0" timestamp="2024-05-22T16:08:53 CEST" skipped="0">
  <testcase classname="api.tests.RecruitmentApiTest" name="TestAPIverifyAddingNewCandidate" time="0.962"/>
  <system-out/>
  <testcase classname="api.tests.RecruitmentApiTest" name="TestAPIverifyAddingAttachmentToNewRecruit" time="0.682"/>
  <system-out/>
  <testcase classname="api.tests.RecruitmentApiTest" name="TestAPIverifyUpdateingNewCandidate" time="1.076"/>
  <system-out/>
</testsuite> <!-- api.tests.RecruitmentApiTest -->
