<?xml version="1.0" encoding="UTF-8"?>
<!-- Generated by org.testng.reporters.JUnitReportReporter -->
<testsuite hostname="DESKTOP-80S1BNG" failures="0" tests="1" name="api.tests.EmployeeApiTest" time="0.610" errors="0" timestamp="2024-05-31T15:22:02 CEST" skipped="0">
  <testcase classname="api.tests.EmployeeApiTest" name="TestAPIverifyActivatingNewEmployee" time="0.610"/>
  <system-out/>
</testsuite> <!-- api.tests.EmployeeApiTest -->
