<?xml version="1.0" encoding="UTF-8"?>
<!-- Generated by org.testng.reporters.JUnitReportReporter -->
<testsuite hostname="DESKTOP-80S1BNG" failures="0" tests="1" name="base.LoginTest" time="2.501" errors="0" timestamp="2024-04-09T14:53:26 CEST" skipped="0">
  <testcase classname="base.LoginTest" name="loginInWithWrongCredentials" time="2.501"/>
  <system-out/>
</testsuite> <!-- base.LoginTest -->
