<?xml version="1.0" encoding="UTF-8"?>
<!-- Generated by org.testng.reporters.JUnitReportReporter -->
<testsuite hostname="DESKTOP-80S1BNG" failures="0" tests="1" name="api.tests.RecruitmentApiTest" time="2.853" errors="0" timestamp="2024-05-31T15:07:07 CEST" skipped="0">
  <testcase classname="api.tests.RecruitmentApiTest" name="E2E" time="2.853"/>
  <system-out/>
</testsuite> <!-- api.tests.RecruitmentApiTest -->
