<?xml version="1.0" encoding="UTF-8"?>
<!-- Generated by org.testng.reporters.JUnitReportReporter -->
<testsuite hostname="DESKTOP-80S1BNG" failures="0" tests="1" name="apiTests.RecruitmentApiTest" time="7.187" errors="0" timestamp="2024-06-12T15:27:41 CEST" skipped="0">
  <testcase classname="apiTests.RecruitmentApiTest" name="E2E" time="7.187"/>
  <system-out/>
</testsuite> <!-- apiTests.RecruitmentApiTest -->
