<?xml version="1.0" encoding="UTF-8"?>
<!-- Generated by org.testng.reporters.JUnitReportReporter -->
<testsuite hostname="DESKTOP-80S1BNG" failures="0" tests="2" name="api.tests.RecruitmentApiTest" time="1.555" errors="0" timestamp="2024-05-16T13:38:34 CEST" skipped="0">
  <testcase classname="api.tests.RecruitmentApiTest" name="TestAPIverifyAddingNewCandidate" time="0.951"/>
  <system-out/>
  <testcase classname="api.tests.RecruitmentApiTest" name="TestAPIverifyAddingAttachmentToNewRecruit" time="0.604"/>
  <system-out/>
</testsuite> <!-- api.tests.RecruitmentApiTest -->
