<?xml version="1.0" encoding="UTF-8"?>
<!-- Generated by org.testng.reporters.JUnitReportReporter -->
<testsuite hostname="DESKTOP-80S1BNG" failures="0" tests="1" name="api.tests.EmployeeApiTest" time="3.225" errors="0" timestamp="2024-06-05T16:22:31 CEST" skipped="0">
  <testcase classname="api.tests.EmployeeApiTest" name="E2E" time="3.225"/>
  <system-out/>
</testsuite> <!-- api.tests.EmployeeApiTest -->
