<?xml version="1.0" encoding="UTF-8"?>
<!-- Generated by org.testng.reporters.JUnitReportReporter -->
<testsuite hostname="DESKTOP-80S1BNG" failures="0" tests="1" name="api.tests.RecruitmentApiTest" time="1.111" errors="0" timestamp="2024-05-23T00:09:46 CEST" skipped="0">
  <testcase classname="api.tests.RecruitmentApiTest" name="TestAPIverifyAddingAttachmentToNewRecruit" time="1.111"/>
  <system-out/>
</testsuite> <!-- api.tests.RecruitmentApiTest -->
