<?xml version="1.0" encoding="UTF-8"?>
<!-- Generated by org.testng.reporters.JUnitReportReporter -->
<testsuite hostname="DESKTOP-80S1BNG" failures="0" tests="2" name="tests.RecruitmentTest" time="27.122" errors="0" timestamp="2024-04-12T14:37:47 CEST" skipped="0">
  <testcase classname="tests.RecruitmentTest" name="verifySearchingCandidateByName" time="11.337"/>
  <system-out/>
  <testcase classname="tests.RecruitmentTest" name="verifyAddingNewCandidate" time="15.785"/>
  <system-out/>
</testsuite> <!-- tests.RecruitmentTest -->
