<?xml version="1.0" encoding="UTF-8"?>
<!-- Generated by org.testng.reporters.JUnitReportReporter -->
<testsuite hostname="DESKTOP-80S1BNG" failures="0" tests="1" name="ui.tests.RecruitmentTest" time="16.130" errors="0" timestamp="2024-05-22T23:49:02 CEST" skipped="0">
  <testcase classname="ui.tests.RecruitmentTest" name="TestVerifyAddingNewCandidate" time="16.130"/>
  <system-out/>
</testsuite> <!-- ui.tests.RecruitmentTest -->
