<?xml version="1.0" encoding="UTF-8"?>
<!-- Generated by org.testng.reporters.JUnitReportReporter -->
<testsuite hostname="DESKTOP-80S1BNG" failures="0" tests="3" name="uiTests.DashboardTest" time="33.748" errors="0" timestamp="2024-06-11T13:39:11 CEST" skipped="0">
  <testcase classname="uiTests.DashboardTest" name="TestVerifyUserCanCloseAboutPopup" time="8.307"/>
  <system-out/>
  <testcase classname="uiTests.DashboardTest" name="TestVerifyAboutSection" time="6.937"/>
  <system-out/>
  <testcase classname="uiTests.DashboardTest" name="TestLogoutUser" time="18.504"/>
  <system-out/>
</testsuite> <!-- uiTests.DashboardTest -->
