<?xml version="1.0" encoding="UTF-8"?>
<!-- Generated by org.testng.reporters.JUnitReportReporter -->
<testsuite hostname="DESKTOP-80S1BNG" failures="0" tests="3" name="uiTests.RecruitmentTest" time="44.136" errors="0" timestamp="2024-06-11T13:39:11 CEST" skipped="0">
  <testcase classname="uiTests.RecruitmentTest" name="TestVerifyAddingNewCandidate" time="17.322"/>
  <system-out/>
  <testcase classname="uiTests.RecruitmentTest" name="TestVerifySearchingCandidateByName" time="12.131"/>
  <system-out/>
  <testcase classname="uiTests.RecruitmentTest" name="TestVerifyEditingCandidate" time="14.683"/>
  <system-out/>
</testsuite> <!-- uiTests.RecruitmentTest -->
