<?xml version="1.0" encoding="UTF-8"?>
<!-- Generated by org.testng.reporters.JUnitReportReporter -->
<testsuite hostname="DESKTOP-80S1BNG" failures="0" tests="1" name="tests.LoginTest" time="7.628" errors="0" timestamp="2024-04-10T08:57:05 CEST" skipped="0">
  <testcase classname="tests.LoginTest" name="loginInUser" time="7.628"/>
  <system-out/>
</testsuite> <!-- tests.LoginTest -->
