<?xml version="1.0" encoding="UTF-8"?>
<!-- Generated by org.testng.reporters.JUnitReportReporter -->
<testsuite hostname="DESKTOP-80S1BNG" failures="0" tests="1" name="apiTests.EmployeeApiTest" time="5.028" errors="0" timestamp="2024-06-13T10:25:05 CEST" skipped="0">
  <testcase classname="apiTests.EmployeeApiTest" name="TestCreateAndActivateNewEmployee" time="5.028"/>
  <system-out/>
</testsuite> <!-- apiTests.EmployeeApiTest -->
