<?xml version="1.0" encoding="UTF-8"?>
<!-- Generated by org.testng.reporters.JUnitReportReporter -->
<testsuite hostname="DESKTOP-80S1BNG" failures="0" tests="1" name="api.tests.EmployeeApiTest" time="1.459" errors="0" timestamp="2024-06-03T16:08:07 CEST" skipped="0">
  <testcase classname="api.tests.EmployeeApiTest" name="TestAPIverifyActivatingNewEmployee" time="1.459"/>
  <system-out/>
</testsuite> <!-- api.tests.EmployeeApiTest -->
