<?xml version="1.0" encoding="UTF-8"?>
<!-- Generated by org.testng.reporters.JUnitReportReporter -->
<testsuite hostname="DESKTOP-80S1BNG" failures="0" tests="2" name="uiTests.LoginTest" time="12.321" errors="0" timestamp="2024-06-11T13:39:11 CEST" skipped="0">
  <testcase classname="uiTests.LoginTest" name="TestLoginInUser" time="5.090"/>
  <system-out/>
  <testcase classname="uiTests.LoginTest" name="TestLoginInWithWrongCredentials" time="7.231"/>
  <system-out/>
</testsuite> <!-- uiTests.LoginTest -->
