<?xml version="1.0" encoding="UTF-8"?>
<!-- Generated by org.testng.reporters.JUnitReportReporter -->
<testsuite hostname="DESKTOP-80S1BNG" failures="0" tests="3" name="ui.tests.RecruitmentTest" time="40.184" errors="0" timestamp="2024-05-07T13:59:14 CEST" skipped="0">
  <testcase classname="ui.tests.RecruitmentTest" name="verifyAddingNewCandidate" time="16.462"/>
  <system-out/>
  <testcase classname="ui.tests.RecruitmentTest" name="verifySearchingCandidateByName" time="10.157"/>
  <system-out/>
  <testcase classname="ui.tests.RecruitmentTest" name="verifyEditingCandidate" time="13.565"/>
  <system-out/>
</testsuite> <!-- ui.tests.RecruitmentTest -->
